<?xml version="1.0" encoding="UTF-8"?>
<!-- Generated by org.testng.reporters.JUnitReportReporter -->
<testsuite skipped="0" hostname="VinayDabhi-PC" name="uitesting.Popularlinkstest" tests="3" failures="0" timestamp="2020-11-09T21:50:16 GMT" time="59.933" errors="0">
  <testcase name="tablet" time="19.344" classname="uitesting.Popularlinkstest"/>
  <system-out/>
  <testcase name="speaker" time="21.124" classname="uitesting.Popularlinkstest"/>
  <system-out/>
  <testcase name="alaptop" time="19.465" classname="uitesting.Popularlinkstest"/>
  <system-out/>
</testsuite> <!-- uitesting.Popularlinkstest -->
