<?xml version="1.0" encoding="UTF-8"?>
<!-- Generated by org.testng.reporters.JUnitReportReporter -->
<testsuite skipped="0" hostname="VinayDabhi-PC" name="uitesting.Popularlinkstest" tests="3" failures="0" timestamp="2020-11-09T22:14:35 GMT" time="61.064" errors="0">
  <testcase name="alaptop" time="20.159" classname="uitesting.Popularlinkstest"/>
  <system-out/>
  <testcase name="speaker" time="19.414" classname="uitesting.Popularlinkstest"/>
  <system-out/>
  <testcase name="tablet" time="21.491" classname="uitesting.Popularlinkstest"/>
  <system-out/>
</testsuite> <!-- uitesting.Popularlinkstest -->
